  Building GameAssembly.dll with MsvcWinRtToolChain
  	Msvc Install Version: 15.0
  	Msvc Install SDK Directory: C:\Program Files (x86)\Windows Kits\10
  	Msvc Linker Path: C:\Program Files (x86)\Microsoft Visual Studio\2019\Community\VC\Tools\MSVC\14.21.27702\bin\HostX64\x86\link.exe
  	Msvc Compiler Path: C:\Program Files (x86)\Microsoft Visual Studio\2019\Community\VC\Tools\MSVC\14.21.27702\bin\HostX64\x86\cl.exe
  
  	Output directory: D:\UnityProject\MR_FieldWorkContents\App\build\bin\Win32\Release
  	Cache directory: D:\UnityProject\MR_FieldWorkContents\App\build\obj\il2cppOutputProject\Win32\Release
  Il2CppGenericMethodPointerTable.cpp
  Il2CppMethodPointerTable.cpp
  Il2CppGenericMethodDefinitions.cpp
  Il2CppGenericMethodTable.cpp
  Il2CppMetadataUsage.cpp
  Il2CppInvokerTable.cpp
  Il2CppAttributes.cpp
  Il2CppGenericClassTable.cpp
  Bulk_Generics_50.cpp
  GenericMethods1.cpp
  Il2CppInteropDataTable.cpp
  GenericMethods3.cpp
  Bulk_Assembly-CSharp_10.cpp
  Il2CppTypeDefinitions.cpp
  Bulk_System.Xml_4.cpp
  Bulk_Generics_3.cpp
  Bulk_Assembly-CSharp_9.cpp
  Bulk_Assembly-CSharp_11.cpp
  Bulk_Assembly-CSharp_12.cpp
  Bulk_Assembly-CSharp_15.cpp
  Bulk_Generics_25.cpp
  Bulk_Generics_4.cpp
  Bulk_mscorlib_19.cpp
  Bulk_Assembly-CSharp_0.cpp
  Bulk_Assembly-CSharp_6.cpp
  GenericMethods4.cpp
  Bulk_Assembly-CSharp_1.cpp
  Bulk_mscorlib_12.cpp
  GenericMethods7.cpp
  Bulk_Generics_10.cpp
  Bulk_mscorlib_5.cpp
  Bulk_Assembly-CSharp_8.cpp
  Bulk_System_6.cpp
  GenericMethods6.cpp
  Bulk_Generics_58.cpp
  Bulk_Newtonsoft.Json_2.cpp
  Bulk_Assembly-CSharp_7.cpp
  Bulk_System.Net.Http_0.cpp
  Bulk_System.Xml_0.cpp
  Bulk_System_7.cpp
  Bulk_Assembly-CSharp_5.cpp
  Bulk_System_5.cpp
  Bulk_Newtonsoft.Json_0.cpp
  Bulk_mscorlib_13.cpp
  Il2CppComCallableWrappers1.cpp
  Bulk_mscorlib_14.cpp
  Bulk_UnityEngine.Networking_0.cpp
  Bulk_mscorlib_8.cpp
  Bulk_System.Xml_3.cpp
  Bulk_UnityEngine.Networking_1.cpp
  GenericMethods0.cpp
  Bulk_mscorlib_11.cpp
  Bulk_Generics_2.cpp
  Bulk_mscorlib_16.cpp
  Bulk_Assembly-CSharp_14.cpp
  Bulk_Generics_0.cpp
  Bulk_mscorlib_7.cpp
  Bulk_Newtonsoft.Json_3.cpp
  Bulk_System_0.cpp
  Bulk_mscorlib_3.cpp
  Bulk_Assembly-CSharp_3.cpp
  Bulk_System_3.cpp
  Bulk_System_4.cpp
  Bulk_mscorlib_10.cpp
  Bulk_Generics_12.cpp
  Bulk_System_1.cpp
  Bulk_Assembly-CSharp_4.cpp
  Bulk_Newtonsoft.Json_1.cpp
  Bulk_mscorlib_2.cpp
  Bulk_Assembly-CSharp_13.cpp
  GenericMethods2.cpp
  Bulk_Generics_1.cpp
  Il2CppComCallableWrappers2.cpp
  Bulk_System.Xml_1.cpp
  Bulk_UnityEngine.CoreModule_1.cpp
  Bulk_Generics_11.cpp
  Bulk_UnityEngine.UI_1.cpp
  Bulk_mscorlib_18.cpp
  Il2CppComCallableWrappers0.cpp
  Il2CppComCallableWrappers34.cpp
  Bulk_UnityEngine.CoreModule_0.cpp
  Bulk_Generics_32.cpp
  Il2CppComCallableWrappers26.cpp
  Il2CppComCallableWrappers14.cpp
  Il2CppComCallableWrappers19.cpp
  Il2CppComCallableWrappers33.cpp
  Il2CppComCallableWrappers32.cpp
  Il2CppGenericInstDefinitions.cpp
  Bulk_Generics_51.cpp
  Bulk_Generics_33.cpp
  Bulk_Generics_13.cpp
  Bulk_UnityEngine.UI_2.cpp
  Bulk_mscorlib_4.cpp
  Bulk_Generics_42.cpp
  Bulk_Generics_52.cpp
  Bulk_System.Xml_2.cpp
  Il2CppComCallableWrappers17.cpp
  Il2CppComCallableWrappers23.cpp
  Il2CppComCallableWrappers22.cpp
  Bulk_mscorlib_9.cpp
  Il2CppComCallableWrappers25.cpp
  Il2CppComCallableWrappers24.cpp
  GenericMethods5.cpp
  UnresolvedVirtualCallStubs.cpp
  Bulk_Generics_59.cpp
  Il2CppComCallableWrappers20.cpp
  Bulk_mscorlib_17.cpp
  Bulk_mscorlib_6.cpp
  Bulk_Generics_53.cpp
  Il2CppComCallableWrappers29.cpp
  Bulk_Generics_40.cpp
  GenericMethods8.cpp
  Bulk_Generics_31.cpp
  Il2CppComCallableWrappers21.cpp
  Il2CppComCallableWrappers28.cpp
  Il2CppComCallableWrappers18.cpp
  Il2CppComCallableWrappers16.cpp
  Bulk_System_2.cpp
  Il2CppComCallableWrappers31.cpp
  Bulk_Generics_46.cpp
  Il2CppComCallableWrappers6.cpp
  Il2CppComCallableWrappers11.cpp
  Il2CppComCallableWrappers30.cpp
  Bulk_Generics_54.cpp
  Il2CppComCallableWrappers35.cpp
  Il2CppComCallableWrappers8.cpp
  Il2CppComCallableWrappers7.cpp
  Il2CppComCallableWrappers15.cpp
  Bulk_Generics_61.cpp
  Il2CppComCallableWrappers27.cpp
  Bulk_Generics_43.cpp
  Bulk_Generics_44.cpp
  Bulk_Assembly-CSharp_2.cpp
  Il2CppComCallableWrappers13.cpp
  Bulk_Generics_34.cpp
  Bulk_Generics_57.cpp
  Il2CppComCallableWrappers12.cpp
  Bulk_mscorlib_15.cpp
  Bulk_Generics_41.cpp
  Bulk_Generics_60.cpp
  Bulk_System.Core_0.cpp
  Il2CppComCallableWrappers5.cpp
  Bulk_Generics_62.cpp
  Bulk_Generics_5.cpp
  Bulk_Generics_55.cpp
  Bulk_Generics_49.cpp
  Bulk_Generics_14.cpp
  Bulk_Generics_9.cpp
  Bulk_Generics_56.cpp
  Il2CppProjectedComCallableWrapperMethods4.cpp
  Bulk_Generics_38.cpp
  Bulk_Generics_39.cpp
  Bulk_Generics_23.cpp
  Bulk_Generics_18.cpp
  Bulk_Generics_15.cpp
  Bulk_UnityEngine.IMGUIModule_0.cpp
  Bulk_Generics_24.cpp
  Bulk_Generics_65.cpp
  Bulk_Generics_20.cpp
  Il2CppComCallableWrappers4.cpp
  Bulk_Generics_63.cpp
  Bulk_Generics_48.cpp
  Bulk_Generics_45.cpp
  Il2CppComCallableWrappers3.cpp
  Bulk_Generics_37.cpp
  Bulk_Generics_19.cpp
  Bulk_Generics_26.cpp
  Bulk_Generics_16.cpp
  Bulk_Generics_17.cpp
  Bulk_WindowsRuntimeMetadata_0.cpp
  Bulk_Generics_47.cpp
  Bulk_mscorlib_20.cpp
  Bulk_Generics_64.cpp
  Bulk_System.Xml_5.cpp
  Bulk_Generics_22.cpp
  Il2CppProjectedComCallableWrapperMethods2.cpp
  Il2CppProjectedComCallableWrapperMethods1.cpp
  Il2CppProjectedComCallableWrapperMethods3.cpp
  Il2CppProjectedComCallableWrapperMethods0.cpp
  Bulk_Generics_21.cpp
  Bulk_Generics_30.cpp
  Bulk_GLTFSerializationUWP_0.cpp
  Il2CppComCallableWrappers10.cpp
  Il2CppComCallableWrappers9.cpp
  Bulk_Generics_27.cpp
  Bulk_Generics_35.cpp
  Bulk_Generics_6.cpp
  Bulk_Generics_36.cpp
  Bulk_Generics_28.cpp
  Bulk_UnityEngine.Networking_2.cpp
  Bulk_UnityEngine.UNETModule_0.cpp
  Bulk_Newtonsoft.Json_4.cpp
  Bulk_Generics_7.cpp
  Bulk_System.Runtime.WindowsRuntime_0.cpp
  Bulk_Generics_29.cpp
  Bulk_Generics_8.cpp
  Il2CppGenericComDefinitions0.cpp
  Il2CppCompilerCalculateTypeValuesTable.cpp
  Bulk_System.Xml.Linq_0.cpp
  Il2CppCompilerCalculateTypeValues_61Table.cpp
  Bulk_Generics_66.cpp
  Il2CppCompilerCalculateTypeValues_53Table.cpp
  Il2CppCompilerCalculateTypeValues_60Table.cpp
  Bulk_I18N.CJK_0.cpp
  Il2CppCompilerCalculateTypeValues_59Table.cpp
  Bulk_System.Core_1.cpp
  Bulk_I18N_0.cpp
  Il2CppCompilerCalculateTypeValues_52Table.cpp
  Il2CppCompilerCalculateTypeValues_25Table.cpp
  Il2CppCompilerCalculateTypeValues_58Table.cpp
  Bulk_UnityEngine.UnityWebRequestModule_0.cpp
  Il2CppCompilerCalculateTypeValues_47Table.cpp
  Il2CppCompilerCalculateTypeValues_55Table.cpp
  Il2CppCompilerCalculateTypeValues_17Table.cpp
  Bulk_System_8.cpp
  Il2CppCompilerCalculateTypeValues_6Table.cpp
  Il2CppCompilerCalculateTypeValues_48Table.cpp
  Il2CppCompilerCalculateTypeValues_46Table.cpp
  Il2CppCompilerCalculateTypeValues_11Table.cpp
  Il2CppCompilerCalculateTypeValues_63Table.cpp
  Il2CppCompilerCalculateTypeValues_56Table.cpp
  Il2CppCompilerCalculateTypeValues_57Table.cpp
  Bulk_UnityEngine.AudioModule_0.cpp
  Il2CppCompilerCalculateTypeValues_7Table.cpp
  Il2CppCompilerCalculateTypeValues_39Table.cpp
  Il2CppCompilerCalculateTypeValues_10Table.cpp
  Il2CppCompilerCalculateTypeValues_22Table.cpp
  Il2CppCompilerCalculateTypeValues_21Table.cpp
  Il2CppCompilerCalculateTypeValues_54Table.cpp
  Il2CppCompilerCalculateTypeValues_18Table.cpp
  Il2CppCompilerCalculateTypeValues_49Table.cpp
  Il2CppCompilerCalculateTypeValues_16Table.cpp
  Il2CppCompilerCalculateTypeValues_19Table.cpp
  Il2CppCompilerCalculateTypeValues_62Table.cpp
  Il2CppCompilerCalculateTypeValues_34Table.cpp
  Il2CppCompilerCalculateTypeValues_38Table.cpp
  Il2CppCompilerCalculateTypeValues_3Table.cpp
  Il2CppCompilerCalculateTypeValues_9Table.cpp
  Il2CppCompilerCalculateTypeValues_33Table.cpp
  Il2CppCompilerCalculateTypeValues_35Table.cpp
  Il2CppCompilerCalculateTypeValues_24Table.cpp
  Il2CppCompilerCalculateTypeValues_36Table.cpp
  Il2CppCompilerCalculateTypeValues_40Table.cpp
  Il2CppCompilerCalculateTypeValues_37Table.cpp
  Il2CppCompilerCalculateTypeValues_4Table.cpp
  Il2CppCompilerCalculateTypeValues_14Table.cpp
  Il2CppCompilerCalculateTypeValues_23Table.cpp
  Il2CppCompilerCalculateTypeValues_8Table.cpp
  Il2CppCompilerCalculateTypeValues_20Table.cpp
  Il2CppCompilerCalculateTypeValues_45Table.cpp
  Il2CppCompilerCalculateTypeValues_12Table.cpp
  Il2CppCompilerCalculateTypeValues_44Table.cpp
  Il2CppCompilerCalculateTypeValues_51Table.cpp
  Il2CppCompilerCalculateTypeValues_43Table.cpp
  Il2CppCompilerCalculateTypeValues_5Table.cpp
  Il2CppCompilerCalculateTypeValues_41Table.cpp
  Il2CppCompilerCalculateTypeValues_2Table.cpp
  Il2CppCompilerCalculateTypeValues_32Table.cpp
  Il2CppCompilerCalculateTypeValues_31Table.cpp
  Il2CppProjectedComCallableWrapperMethods5.cpp
  Il2CppCompilerCalculateTypeValues_42Table.cpp
  Il2CppCompilerCalculateTypeValues_13Table.cpp
  Il2CppCompilerCalculateTypeValues_28Table.cpp
  Il2CppCompilerCalculateTypeValues_50Table.cpp
  Il2CppCompilerCalculateTypeValues_1Table.cpp
  Il2CppCompilerCalculateTypeValues_29Table.cpp
  Il2CppCompilerCalculateTypeValues_26Table.cpp
  Il2CppCompilerCalculateTypeValues_15Table.cpp
  Il2CppCompilerCalculateTypeValues_27Table.cpp
  Il2CppMetadataRegistration.cpp
  Il2CppCodeRegistration.cpp
  Bulk_System.Runtime.Serialization_0.cpp
  Il2CppCompilerCalculateTypeValues_30Table.cpp
  ObjectFiles: 755 of which compiled: 273
  	Time Compile: 16950 milliseconds Bulk_mscorlib_6.cpp
  	Time Compile: 12648 milliseconds Il2CppTypeDefinitions.cpp
  	Time Compile: 12231 milliseconds Il2CppComCallableWrappers19.cpp
  	Time Compile: 11931 milliseconds Il2CppComCallableWrappers31.cpp
  	Time Compile: 11741 milliseconds Il2CppComCallableWrappers35.cpp
  	Time Compile: 11738 milliseconds Il2CppComCallableWrappers20.cpp
  	Time Compile: 11521 milliseconds Il2CppComCallableWrappers13.cpp
  	Time Compile: 11391 milliseconds Il2CppComCallableWrappers15.cpp
  	Time Compile: 11161 milliseconds Il2CppComCallableWrappers30.cpp
  	Time Compile: 10642 milliseconds Il2CppComCallableWrappers28.cpp
  Total compilation time: 207485 milliseconds.
  ???C?u???? D:\UnityProject\MR_FieldWorkContents\App\build\obj\il2cppOutputProject\Win32\Release\linkresult_C51E0E9F0E6F9F314A3B9FA2DD0433C2\GameAssembly.lib ??I?u?W?F?N?g D:\UnityProject\MR_FieldWorkContents\App\build\obj\il2cppOutputProject\Win32\Release\linkresult_C51E0E9F0E6F9F314A3B9FA2DD0433C2\GameAssembly.exp ?????
  Total link time: 31656 milliseconds.
  Cleaned up 604 object files.
